Arguments: 
  C:\Program Files\nodejs\node.exe C:\Users\Sama.co\AppData\Roaming\npm\node_modules\yarn\bin\yarn.js add expo

PATH: 
  C:\Python27\;C:\Python27\Scripts;C:\Windows\system32;C:\Windows;C:\Windows\System32\Wbem;C:\Windows\System32\WindowsPowerShell\v1.0\;C:\Windows\System32\OpenSSH\;C:\Program Files\Git\cmd;C:\ProgramData\chocolatey\bin;C:\Program Files\nodejs\;C:\Program Files\OpenJDK\openjdk-11.0.14.1_1\bin;C:\Users\Sama.co\AppData\Local\Microsoft\WindowsApps;C:\Users\Sama.co\AppData\Local\Programs\Microsoft VS Code\bin;C:\Users\Sama.co\AppData\Roaming\npm;C:\Users\Sama.co\AppData\Local\Android\Sdk;C:\Users\Sama.co\AppData\Local\Android\Sdk\platform-tools;

Yarn version: 
  1.22.18

Node version: 
  16.15.0

Platform: 
  win32 x64

Trace: 
  Error: getaddrinfo EAI_AGAIN registry.yarnpkg.com
      at GetAddrInfoReqWrap.onlookup [as oncomplete] (node:dns:71:26)

npm manifest: 
  {
    "name": "tourino2",
    "version": "1.0.0",
    "main": "node_modules/expo/AppEntry.js",
    "keywords": [
      "react",
      "expo",
      "template",
      "nativebase"
    ],
    "license": "MIT",
    "scripts": {
      "start": "expo start",
      "android": "expo start --android",
      "ios": "expo start --ios",
      "web": "expo start --web",
      "eject": "expo eject"
    },
    "dependencies": {
      "expo": "^45.0.0",
      "expo-status-bar": "~1.3.0",
      "native-base": "3.4.0",
      "react": "17.0.2",
      "react-dom": "17.0.2",
      "react-native": "0.68.2",
      "react-native-safe-area-context": "4.2.4",
      "react-native-svg": "12.3.0",
      "react-native-web": "0.17.7",
      "@expo-google-fonts/inter": "^0.2.2",
      "@react-navigation/material-bottom-tabs": "^6.2.1",
      "@react-navigation/material-top-tabs": "^6.2.1",
      "@react-navigation/native": "^6.0.10",
      "@react-navigation/native-stack": "^6.6.1",
      "expo-font": "~10.1.0",
      "expo-linear-gradient": "~11.3.0",
      "expo-splash-screen": "~0.15.1",
      "formik": "^2.2.9",
      "react-native-image-view": "^2.1.9",
      "expo-app-loading": "~2.0.0"
    },
    "devDependencies": {
      "@babel/core": "^7.12.9"
    },
    "bugs": {
      "url": "https://github.com/GeekyAnts/nativebase-templates/issues"
    },
    "homepage": "https://github.com/GeekyAnts/nativebase-templates#readme",
    "author": "Aditya Jamuar",
    "private": true
  }

yarn manifest: 
  No manifest

Lockfile: 
  No lockfile
